Using pre-set license
Built from '2020.3/staging' branch; Version is '2020.3.18f1 (a7d1c678663c) revision 10998214'; Using compiler version '192528614'; Build Type 'Release'
OS: 'Windows 10 Home; OS build 19042.1348; Version 2009; 64bit' Language: 'en' Physical Memory: 32498 MB
BatchMode: 1, IsHumanControllingUs: 0, StartBugReporterOnCrash: 0, Is64bit: 1, IsPro: 0

COMMAND LINE ARGUMENTS:
C:\Program Files\2020.3.18f1\Editor\Unity.exe
-adb2
-batchMode
-noUpm
-name
AssetImportWorker0
-projectPath
D:/Work/Modules/2021-22/3DGD/Repos/GD_2_Core_Topics/GD_2_Core_Topics
-logFile
Logs/AssetImportWorker0.log
-srvPort
63553
Successfully changed project path to: D:/Work/Modules/2021-22/3DGD/Repos/GD_2_Core_Topics/GD_2_Core_Topics
D:/Work/Modules/2021-22/3DGD/Repos/GD_2_Core_Topics/GD_2_Core_Topics
Using Asset Import Pipeline V2.
Refreshing native plugins compatible for Editor in 57.22 ms, found 2 plugins.
Preloading 0 native plugins for Editor in 0.00 ms.
Initialize engine version: 2020.3.18f1 (a7d1c678663c)
[Subsystems] Discovering subsystems at path C:/Program Files/2020.3.18f1/Editor/Data/Resources/UnitySubsystems
[Subsystems] Discovering subsystems at path D:/Work/Modules/2021-22/3DGD/Repos/GD_2_Core_Topics/GD_2_Core_Topics/Assets
GfxDevice: creating device client; threaded=0
Direct3D:
    Version:  Direct3D 11.0 [level 11.1]
    Renderer: NVIDIA GeForce RTX 3070 Laptop GPU (ID=0x24dd)
    Vendor:   
    VRAM:     8044 MB
    Driver:   30.0.14.7212
Initialize mono
Mono path[0] = 'C:/Program Files/2020.3.18f1/Editor/Data/Managed'
Mono path[1] = 'C:/Program Files/2020.3.18f1/Editor/Data/MonoBleedingEdge/lib/mono/unityjit'
Mono config path = 'C:/Program Files/2020.3.18f1/Editor/Data/MonoBleedingEdge/etc'
Using monoOptions --debugger-agent=transport=dt_socket,embedding=1,server=y,suspend=n,address=127.0.0.1:56284
Begin MonoManager ReloadAssembly
Registering precompiled unity dll's ...
Register platform support module: C:/Program Files/2020.3.18f1/Editor/Data/PlaybackEngines/WebGLSupport/UnityEditor.WebGL.Extensions.dll
Register platform support module: C:/Program Files/2020.3.18f1/Editor/Data/PlaybackEngines/WindowsStandaloneSupport/UnityEditor.WindowsStandalone.Extensions.dll
Registered in 0.002228 seconds.
Native extension for WindowsStandalone target not found
Native extension for WebGL target not found
Refreshing native plugins compatible for Editor in 55.01 ms, found 2 plugins.
Preloading 0 native plugins for Editor in 0.00 ms.
Mono: successfully reloaded assembly
- Completed reload, in  2.087 seconds
Domain Reload Profiling:
	ReloadAssembly (2087ms)
		BeginReloadAssembly (45ms)
			ExecutionOrderSort (0ms)
			DisableScriptedObjects (0ms)
			BackupInstance (0ms)
			ReleaseScriptingObjects (0ms)
			CreateAndSetChildDomain (1ms)
		EndReloadAssembly (384ms)
			LoadAssemblies (43ms)
			RebuildTransferFunctionScriptingTraits (0ms)
			SetupTypeCache (132ms)
			ReleaseScriptCaches (0ms)
			RebuildScriptCaches (29ms)
			SetupLoadedEditorAssemblies (164ms)
				LogAssemblyErrors (0ms)
				InitializePlatformSupportModulesInManaged (4ms)
				SetLoadedEditorAssemblies (0ms)
				RefreshPlugins (55ms)
				BeforeProcessingInitializeOnLoad (14ms)
				ProcessInitializeOnLoadAttributes (68ms)
				ProcessInitializeOnLoadMethodAttributes (23ms)
				AfterProcessingInitializeOnLoad (0ms)
				EditorAssembliesLoaded (0ms)
			ExecutionOrderSort2 (0ms)
			AwakeInstancesAfterBackupRestoration (0ms)
Platform modules already initialized, skipping
Registering precompiled user dll's ...
Registered in 0.002355 seconds.
Begin MonoManager ReloadAssembly
Native extension for WindowsStandalone target not found
Native extension for WebGL target not found
Refreshing native plugins compatible for Editor in 56.11 ms, found 2 plugins.
Preloading 0 native plugins for Editor in 0.00 ms.
Mono: successfully reloaded assembly
- Completed reload, in  1.055 seconds
Domain Reload Profiling:
	ReloadAssembly (1055ms)
		BeginReloadAssembly (118ms)
			ExecutionOrderSort (0ms)
			DisableScriptedObjects (4ms)
			BackupInstance (0ms)
			ReleaseScriptingObjects (0ms)
			CreateAndSetChildDomain (15ms)
		EndReloadAssembly (888ms)
			LoadAssemblies (72ms)
			RebuildTransferFunctionScriptingTraits (0ms)
			SetupTypeCache (265ms)
			ReleaseScriptCaches (0ms)
			RebuildScriptCaches (56ms)
			SetupLoadedEditorAssemblies (391ms)
				LogAssemblyErrors (0ms)
				InitializePlatformSupportModulesInManaged (4ms)
				SetLoadedEditorAssemblies (0ms)
				RefreshPlugins (56ms)
				BeforeProcessingInitializeOnLoad (82ms)
				ProcessInitializeOnLoadAttributes (235ms)
				ProcessInitializeOnLoadMethodAttributes (6ms)
				AfterProcessingInitializeOnLoad (7ms)
				EditorAssembliesLoaded (0ms)
			ExecutionOrderSort2 (0ms)
			AwakeInstancesAfterBackupRestoration (5ms)
Platform modules already initialized, skipping
========================================================================
Worker process is ready to serve import requests
Launched and connected shader compiler UnityShaderCompiler.exe after 0.06 seconds
Refreshing native plugins compatible for Editor in 0.66 ms, found 2 plugins.
Preloading 0 native plugins for Editor in 0.00 ms.
Unloading 3201 Unused Serialized files (Serialized files now loaded: 0)
System memory in use before: 143.9 MB.
System memory in use after: 144.1 MB.

Unloading 22 unused Assets to reduce memory usage. Loaded Objects now: 3645.
Total: 2.828200 ms (FindLiveObjects: 0.259800 ms CreateObjectMapping: 0.149700 ms MarkObjects: 2.352200 ms  DeleteObjects: 0.065700 ms)

AssetImportParameters requested are different than current active one (requested -> active):
  custom:framework-win-MediaFoundation: 216162199b28c13a410421893ffa2e32 -> 
  custom:video-decoder-ogg-theora: a1e56fd34408186e4bbccfd4996cb3dc -> 
  custom:container-muxer-webm: aa71ff27fc2769a1b78a27578f13a17b -> 
  custom:container-demuxer-webm: 4f35f7cbe854078d1ac9338744f61a02 -> 
  custom:container-demuxer-ogg: 62fdf1f143b41e24485cea50d1cbac27 -> 
  custom:video-encoder-webm-vp8: eb34c28f22e8b96e1ab97ce403110664 -> 
  custom:video-codec-MediaFoundation-h265: 746d11721c4dcdbdad8f713fa42b33f4 -> 
  custom:video-decoder-webm-vp8: 9c59270c3fd7afecdb556c50c9e8de78 -> 
  custom:audio-decoder-ogg-vorbis: bf7c407c2cedff20999df2af8eb42d56 -> 
  custom:audio-encoder-webm-vorbis: bf7c407c2cedff20999df2af8eb42d56 -> 
========================================================================
Received Import Request.
  path: Assets/GD/Examples/10_MultiparameterEvents
  artifactKey: Guid(29d47d20c4292174da19f96d9c94a9db) Importer(815301076,1909f56bfc062723c751e8b465ee728b)
Start importing Assets/GD/Examples/10_MultiparameterEvents using Guid(29d47d20c4292174da19f96d9c94a9db) Importer(815301076,1909f56bfc062723c751e8b465ee728b)  -> (artifact id: '04027430e37f54be27ac97aafd6a3064') in 0.007804 seconds 
  Import took 0.011775 seconds .

========================================================================
Received Import Request.
  Time since last request: 3.150010 seconds.
  path: Assets/GD/Examples/10_MultiparameterEvents/Scripts
  artifactKey: Guid(f6bc3679d9dfbfd4c9b4ed96f720b0c8) Importer(815301076,1909f56bfc062723c751e8b465ee728b)
Start importing Assets/GD/Examples/10_MultiparameterEvents/Scripts using Guid(f6bc3679d9dfbfd4c9b4ed96f720b0c8) Importer(815301076,1909f56bfc062723c751e8b465ee728b)  -> (artifact id: 'f0a1bd6eeebae7cfe713aca236239a09') in 0.006655 seconds 
  Import took 0.011028 seconds .

========================================================================
Received Import Request.
  Time since last request: 5.927131 seconds.
  path: Assets/GD/Examples/10_MultiparameterEvents/Scenes
  artifactKey: Guid(5ba0ed7eebd9d574a8498a36711ca42d) Importer(815301076,1909f56bfc062723c751e8b465ee728b)
Start importing Assets/GD/Examples/10_MultiparameterEvents/Scenes using Guid(5ba0ed7eebd9d574a8498a36711ca42d) Importer(815301076,1909f56bfc062723c751e8b465ee728b)  -> (artifact id: 'cab3cb61c67433ef2c44fe6807ebd2c3') in 0.007619 seconds 
  Import took 0.013271 seconds .

========================================================================
Received Import Request.
  Time since last request: 0.002284 seconds.
  path: Assets/GD/Examples/10_MultiparameterEvents/Scenes
  artifactKey: Guid(5ba0ed7eebd9d574a8498a36711ca42d) Importer(815301076,1909f56bfc062723c751e8b465ee728b)
Start importing Assets/GD/Examples/10_MultiparameterEvents/Scenes using Guid(5ba0ed7eebd9d574a8498a36711ca42d) Importer(815301076,1909f56bfc062723c751e8b465ee728b)  -> (artifact id: 'cab3cb61c67433ef2c44fe6807ebd2c3') in 0.003146 seconds 
  Import took 0.008020 seconds .

========================================================================
Received Import Request.
  Time since last request: 16.119827 seconds.
  path: Assets/GD/Examples/10_MultiparameterEvents/Scenes/Multiparameter Event Demo.unity
  artifactKey: Guid(0bc3f735cc5e1a944a08e34a4b211352) Importer(815301076,1909f56bfc062723c751e8b465ee728b)
Start importing Assets/GD/Examples/10_MultiparameterEvents/Scenes/Multiparameter Event Demo.unity using Guid(0bc3f735cc5e1a944a08e34a4b211352) Importer(815301076,1909f56bfc062723c751e8b465ee728b)  -> (artifact id: 'fad49c7e1f1758918938a9ec17794aa3') in 0.015279 seconds 
  Import took 0.019821 seconds .

========================================================================
Received Import Request.
  Time since last request: 0.001655 seconds.
  path: Assets/GD/Examples/10_MultiparameterEvents/Scenes/Multiparameter Event Demo.unity
  artifactKey: Guid(0bc3f735cc5e1a944a08e34a4b211352) Importer(815301076,1909f56bfc062723c751e8b465ee728b)
Start importing Assets/GD/Examples/10_MultiparameterEvents/Scenes/Multiparameter Event Demo.unity using Guid(0bc3f735cc5e1a944a08e34a4b211352) Importer(815301076,1909f56bfc062723c751e8b465ee728b)  -> (artifact id: 'fad49c7e1f1758918938a9ec17794aa3') in 0.002125 seconds 
  Import took 0.007524 seconds .

========================================================================
Received Import Request.
  Time since last request: 4.211431 seconds.
  path: Assets/GD/Examples/10_MultiparameterEvents/Scenes/Start
  artifactKey: Guid(8145685e307bdcf42b6f6d02b5f76843) Importer(815301076,1909f56bfc062723c751e8b465ee728b)
Start importing Assets/GD/Examples/10_MultiparameterEvents/Scenes/Start using Guid(8145685e307bdcf42b6f6d02b5f76843) Importer(815301076,1909f56bfc062723c751e8b465ee728b)  -> (artifact id: '2ed0a4cab001f38fdffb7249cec20fc4') in 0.005148 seconds 
  Import took 0.009249 seconds .

========================================================================
Received Import Request.
  Time since last request: 4.995518 seconds.
  path: Assets/GD/Examples/10_MultiparameterEvents/Scenes/InProgress
  artifactKey: Guid(8a209c431fec61245a55382cfaac39f6) Importer(815301076,1909f56bfc062723c751e8b465ee728b)
Start importing Assets/GD/Examples/10_MultiparameterEvents/Scenes/InProgress using Guid(8a209c431fec61245a55382cfaac39f6) Importer(815301076,1909f56bfc062723c751e8b465ee728b)  -> (artifact id: '251db510c276265f812d1b69c8e86496') in 0.004537 seconds 
  Import took 0.008649 seconds .

========================================================================
Received Import Request.
  Time since last request: 6.052209 seconds.
  path: Assets/GD/Examples/10_MultiparameterEvents/Scenes/End
  artifactKey: Guid(388d5e9489a2b034187723d7852204a7) Importer(815301076,1909f56bfc062723c751e8b465ee728b)
Start importing Assets/GD/Examples/10_MultiparameterEvents/Scenes/End using Guid(388d5e9489a2b034187723d7852204a7) Importer(815301076,1909f56bfc062723c751e8b465ee728b)  -> (artifact id: 'f21cb7bc80bbaef422f3e7ff164bc456') in 0.004725 seconds 
  Import took 0.008623 seconds .

========================================================================
Received Import Request.
  Time since last request: 127.105304 seconds.
  path: Assets/GD/Examples/10_MultiparameterEvents/Scripts/UnityEventDemo.cs
  artifactKey: Guid(b269926d1d9bcb143abe12c3e7f3c9a3) Importer(815301076,1909f56bfc062723c751e8b465ee728b)
Start importing Assets/GD/Examples/10_MultiparameterEvents/Scripts/UnityEventDemo.cs using Guid(b269926d1d9bcb143abe12c3e7f3c9a3) Importer(815301076,1909f56bfc062723c751e8b465ee728b)  -> (artifact id: 'fa93921f7ac5041aaba9d9326b7e4785') in 0.017223 seconds 
  Import took 0.022716 seconds .

========================================================================
Received Prepare
Registering precompiled user dll's ...
Registered in 0.003009 seconds.
Begin MonoManager ReloadAssembly
Native extension for WindowsStandalone target not found
Native extension for WebGL target not found
Refreshing native plugins compatible for Editor in 0.66 ms, found 2 plugins.
Preloading 0 native plugins for Editor in 0.00 ms.
Mono: successfully reloaded assembly
- Completed reload, in  1.350 seconds
Domain Reload Profiling:
	ReloadAssembly (1350ms)
		BeginReloadAssembly (160ms)
			ExecutionOrderSort (0ms)
			DisableScriptedObjects (8ms)
			BackupInstance (0ms)
			ReleaseScriptingObjects (0ms)
			CreateAndSetChildDomain (58ms)
		EndReloadAssembly (1121ms)
			LoadAssemblies (105ms)
			RebuildTransferFunctionScriptingTraits (0ms)
			SetupTypeCache (430ms)
			ReleaseScriptCaches (1ms)
			RebuildScriptCaches (50ms)
			SetupLoadedEditorAssemblies (413ms)
				LogAssemblyErrors (0ms)
				InitializePlatformSupportModulesInManaged (5ms)
				SetLoadedEditorAssemblies (0ms)
				RefreshPlugins (1ms)
				BeforeProcessingInitializeOnLoad (88ms)
				ProcessInitializeOnLoadAttributes (306ms)
				ProcessInitializeOnLoadMethodAttributes (6ms)
				AfterProcessingInitializeOnLoad (6ms)
				EditorAssembliesLoaded (0ms)
			ExecutionOrderSort2 (0ms)
			AwakeInstancesAfterBackupRestoration (13ms)
Platform modules already initialized, skipping
Refreshing native plugins compatible for Editor in 1.49 ms, found 2 plugins.
Preloading 0 native plugins for Editor in 0.00 ms.
Unloading 3090 Unused Serialized files (Serialized files now loaded: 0)
System memory in use before: 136.7 MB.
System memory in use after: 136.9 MB.

Unloading 15 unused Assets to reduce memory usage. Loaded Objects now: 3648.
Total: 5.130300 ms (FindLiveObjects: 0.504400 ms CreateObjectMapping: 0.285000 ms MarkObjects: 4.309900 ms  DeleteObjects: 0.029400 ms)

AssetImportParameters requested are different than current active one (requested -> active):
  custom:framework-win-MediaFoundation: 216162199b28c13a410421893ffa2e32 -> 
  custom:video-decoder-ogg-theora: a1e56fd34408186e4bbccfd4996cb3dc -> 
  custom:container-muxer-webm: aa71ff27fc2769a1b78a27578f13a17b -> 
  custom:container-demuxer-webm: 4f35f7cbe854078d1ac9338744f61a02 -> 
  custom:container-demuxer-ogg: 62fdf1f143b41e24485cea50d1cbac27 -> 
  custom:video-encoder-webm-vp8: eb34c28f22e8b96e1ab97ce403110664 -> 
  custom:video-codec-MediaFoundation-h265: 746d11721c4dcdbdad8f713fa42b33f4 -> 
  custom:video-decoder-webm-vp8: 9c59270c3fd7afecdb556c50c9e8de78 -> 
  custom:audio-decoder-ogg-vorbis: bf7c407c2cedff20999df2af8eb42d56 -> 
  custom:audio-encoder-webm-vorbis: bf7c407c2cedff20999df2af8eb42d56 -> 
========================================================================
Received Prepare
Registering precompiled user dll's ...
Registered in 0.002663 seconds.
Begin MonoManager ReloadAssembly
Native extension for WindowsStandalone target not found
Native extension for WebGL target not found
Refreshing native plugins compatible for Editor in 0.58 ms, found 2 plugins.
Preloading 0 native plugins for Editor in 0.00 ms.
Mono: successfully reloaded assembly
- Completed reload, in  1.001 seconds
Domain Reload Profiling:
	ReloadAssembly (1002ms)
		BeginReloadAssembly (109ms)
			ExecutionOrderSort (0ms)
			DisableScriptedObjects (4ms)
			BackupInstance (0ms)
			ReleaseScriptingObjects (0ms)
			CreateAndSetChildDomain (38ms)
		EndReloadAssembly (834ms)
			LoadAssemblies (83ms)
			RebuildTransferFunctionScriptingTraits (0ms)
			SetupTypeCache (289ms)
			ReleaseScriptCaches (1ms)
			RebuildScriptCaches (45ms)
			SetupLoadedEditorAssemblies (319ms)
				LogAssemblyErrors (0ms)
				InitializePlatformSupportModulesInManaged (5ms)
				SetLoadedEditorAssemblies (0ms)
				RefreshPlugins (1ms)
				BeforeProcessingInitializeOnLoad (79ms)
				ProcessInitializeOnLoadAttributes (224ms)
				ProcessInitializeOnLoadMethodAttributes (5ms)
				AfterProcessingInitializeOnLoad (5ms)
				EditorAssembliesLoaded (0ms)
			ExecutionOrderSort2 (0ms)
			AwakeInstancesAfterBackupRestoration (9ms)
Platform modules already initialized, skipping
Refreshing native plugins compatible for Editor in 0.67 ms, found 2 plugins.
Preloading 0 native plugins for Editor in 0.00 ms.
Unloading 3090 Unused Serialized files (Serialized files now loaded: 0)
System memory in use before: 136.7 MB.
System memory in use after: 137.0 MB.

Unloading 15 unused Assets to reduce memory usage. Loaded Objects now: 3650.
Total: 2.875900 ms (FindLiveObjects: 0.247100 ms CreateObjectMapping: 0.140400 ms MarkObjects: 2.472900 ms  DeleteObjects: 0.014600 ms)

AssetImportParameters requested are different than current active one (requested -> active):
  custom:framework-win-MediaFoundation: 216162199b28c13a410421893ffa2e32 -> 
  custom:video-decoder-ogg-theora: a1e56fd34408186e4bbccfd4996cb3dc -> 
  custom:container-muxer-webm: aa71ff27fc2769a1b78a27578f13a17b -> 
  custom:container-demuxer-webm: 4f35f7cbe854078d1ac9338744f61a02 -> 
  custom:container-demuxer-ogg: 62fdf1f143b41e24485cea50d1cbac27 -> 
  custom:video-encoder-webm-vp8: eb34c28f22e8b96e1ab97ce403110664 -> 
  custom:video-codec-MediaFoundation-h265: 746d11721c4dcdbdad8f713fa42b33f4 -> 
  custom:video-decoder-webm-vp8: 9c59270c3fd7afecdb556c50c9e8de78 -> 
  custom:audio-decoder-ogg-vorbis: bf7c407c2cedff20999df2af8eb42d56 -> 
  custom:audio-encoder-webm-vorbis: bf7c407c2cedff20999df2af8eb42d56 -> 
========================================================================
Received Import Request.
  Time since last request: 50.676431 seconds.
  path: Assets/GD/Examples/10_MultiparameterEvents/Scripts/UnityEventDemo.cs
  artifactKey: Guid(b269926d1d9bcb143abe12c3e7f3c9a3) Importer(815301076,1909f56bfc062723c751e8b465ee728b)
Start importing Assets/GD/Examples/10_MultiparameterEvents/Scripts/UnityEventDemo.cs using Guid(b269926d1d9bcb143abe12c3e7f3c9a3) Importer(815301076,1909f56bfc062723c751e8b465ee728b)  -> (artifact id: '6f1a7c4aec4e6f9725e7fdda34b0fbe9') in 0.004523 seconds 
  Import took 0.008419 seconds .

========================================================================
Received Prepare
Registering precompiled user dll's ...
Registered in 0.002501 seconds.
Begin MonoManager ReloadAssembly
Native extension for WindowsStandalone target not found
Native extension for WebGL target not found
Refreshing native plugins compatible for Editor in 0.57 ms, found 2 plugins.
Preloading 0 native plugins for Editor in 0.00 ms.
Mono: successfully reloaded assembly
- Completed reload, in  1.034 seconds
Domain Reload Profiling:
	ReloadAssembly (1035ms)
		BeginReloadAssembly (113ms)
			ExecutionOrderSort (0ms)
			DisableScriptedObjects (4ms)
			BackupInstance (0ms)
			ReleaseScriptingObjects (0ms)
			CreateAndSetChildDomain (31ms)
		EndReloadAssembly (855ms)
			LoadAssemblies (84ms)
			RebuildTransferFunctionScriptingTraits (0ms)
			SetupTypeCache (290ms)
			ReleaseScriptCaches (1ms)
			RebuildScriptCaches (44ms)
			SetupLoadedEditorAssemblies (334ms)
				LogAssemblyErrors (0ms)
				InitializePlatformSupportModulesInManaged (5ms)
				SetLoadedEditorAssemblies (0ms)
				RefreshPlugins (1ms)
				BeforeProcessingInitializeOnLoad (81ms)
				ProcessInitializeOnLoadAttributes (235ms)
				ProcessInitializeOnLoadMethodAttributes (5ms)
				AfterProcessingInitializeOnLoad (6ms)
				EditorAssembliesLoaded (0ms)
			ExecutionOrderSort2 (0ms)
			AwakeInstancesAfterBackupRestoration (10ms)
Platform modules already initialized, skipping
Refreshing native plugins compatible for Editor in 0.72 ms, found 2 plugins.
Preloading 0 native plugins for Editor in 0.00 ms.
Unloading 3090 Unused Serialized files (Serialized files now loaded: 0)
System memory in use before: 136.8 MB.
System memory in use after: 137.0 MB.

Unloading 15 unused Assets to reduce memory usage. Loaded Objects now: 3652.
Total: 2.938200 ms (FindLiveObjects: 0.259000 ms CreateObjectMapping: 0.139600 ms MarkObjects: 2.520800 ms  DeleteObjects: 0.018100 ms)

AssetImportParameters requested are different than current active one (requested -> active):
  custom:framework-win-MediaFoundation: 216162199b28c13a410421893ffa2e32 -> 
  custom:video-decoder-ogg-theora: a1e56fd34408186e4bbccfd4996cb3dc -> 
  custom:container-muxer-webm: aa71ff27fc2769a1b78a27578f13a17b -> 
  custom:container-demuxer-webm: 4f35f7cbe854078d1ac9338744f61a02 -> 
  custom:container-demuxer-ogg: 62fdf1f143b41e24485cea50d1cbac27 -> 
  custom:video-encoder-webm-vp8: eb34c28f22e8b96e1ab97ce403110664 -> 
  custom:video-codec-MediaFoundation-h265: 746d11721c4dcdbdad8f713fa42b33f4 -> 
  custom:video-decoder-webm-vp8: 9c59270c3fd7afecdb556c50c9e8de78 -> 
  custom:audio-decoder-ogg-vorbis: bf7c407c2cedff20999df2af8eb42d56 -> 
  custom:audio-encoder-webm-vorbis: bf7c407c2cedff20999df2af8eb42d56 -> 
========================================================================
Received Prepare
Registering precompiled user dll's ...
Registered in 0.002383 seconds.
Begin MonoManager ReloadAssembly
Native extension for WindowsStandalone target not found
Native extension for WebGL target not found
Refreshing native plugins compatible for Editor in 0.56 ms, found 2 plugins.
Preloading 0 native plugins for Editor in 0.00 ms.
Mono: successfully reloaded assembly
- Completed reload, in  0.980 seconds
Domain Reload Profiling:
	ReloadAssembly (981ms)
		BeginReloadAssembly (96ms)
			ExecutionOrderSort (0ms)
			DisableScriptedObjects (4ms)
			BackupInstance (0ms)
			ReleaseScriptingObjects (0ms)
			CreateAndSetChildDomain (28ms)
		EndReloadAssembly (833ms)
			LoadAssemblies (72ms)
			RebuildTransferFunctionScriptingTraits (0ms)
			SetupTypeCache (277ms)
			ReleaseScriptCaches (2ms)
			RebuildScriptCaches (45ms)
			SetupLoadedEditorAssemblies (329ms)
				LogAssemblyErrors (0ms)
				InitializePlatformSupportModulesInManaged (5ms)
				SetLoadedEditorAssemblies (0ms)
				RefreshPlugins (1ms)
				BeforeProcessingInitializeOnLoad (78ms)
				ProcessInitializeOnLoadAttributes (234ms)
				ProcessInitializeOnLoadMethodAttributes (5ms)
				AfterProcessingInitializeOnLoad (6ms)
				EditorAssembliesLoaded (0ms)
			ExecutionOrderSort2 (0ms)
			AwakeInstancesAfterBackupRestoration (11ms)
Platform modules already initialized, skipping
Refreshing native plugins compatible for Editor in 0.65 ms, found 2 plugins.
Preloading 0 native plugins for Editor in 0.00 ms.
Unloading 3090 Unused Serialized files (Serialized files now loaded: 0)
System memory in use before: 136.8 MB.
System memory in use after: 137.0 MB.

Unloading 15 unused Assets to reduce memory usage. Loaded Objects now: 3654.
Total: 2.861100 ms (FindLiveObjects: 0.243400 ms CreateObjectMapping: 0.134700 ms MarkObjects: 2.469100 ms  DeleteObjects: 0.013100 ms)

AssetImportParameters requested are different than current active one (requested -> active):
  custom:framework-win-MediaFoundation: 216162199b28c13a410421893ffa2e32 -> 
  custom:video-decoder-ogg-theora: a1e56fd34408186e4bbccfd4996cb3dc -> 
  custom:container-muxer-webm: aa71ff27fc2769a1b78a27578f13a17b -> 
  custom:container-demuxer-webm: 4f35f7cbe854078d1ac9338744f61a02 -> 
  custom:container-demuxer-ogg: 62fdf1f143b41e24485cea50d1cbac27 -> 
  custom:video-encoder-webm-vp8: eb34c28f22e8b96e1ab97ce403110664 -> 
  custom:video-codec-MediaFoundation-h265: 746d11721c4dcdbdad8f713fa42b33f4 -> 
  custom:video-decoder-webm-vp8: 9c59270c3fd7afecdb556c50c9e8de78 -> 
  custom:audio-decoder-ogg-vorbis: bf7c407c2cedff20999df2af8eb42d56 -> 
  custom:audio-encoder-webm-vorbis: bf7c407c2cedff20999df2af8eb42d56 -> 
========================================================================
Received Prepare
Registering precompiled user dll's ...
Registered in 0.002350 seconds.
Begin MonoManager ReloadAssembly
Native extension for WindowsStandalone target not found
Native extension for WebGL target not found
Refreshing native plugins compatible for Editor in 0.58 ms, found 2 plugins.
Preloading 0 native plugins for Editor in 0.00 ms.
Mono: successfully reloaded assembly
- Completed reload, in  1.009 seconds
Domain Reload Profiling:
	ReloadAssembly (1009ms)
		BeginReloadAssembly (115ms)
			ExecutionOrderSort (0ms)
			DisableScriptedObjects (4ms)
			BackupInstance (0ms)
			ReleaseScriptingObjects (0ms)
			CreateAndSetChildDomain (38ms)
		EndReloadAssembly (837ms)
			LoadAssemblies (92ms)
			RebuildTransferFunctionScriptingTraits (0ms)
			SetupTypeCache (269ms)
			ReleaseScriptCaches (2ms)
			RebuildScriptCaches (49ms)
			SetupLoadedEditorAssemblies (325ms)
				LogAssemblyErrors (0ms)
				InitializePlatformSupportModulesInManaged (6ms)
				SetLoadedEditorAssemblies (0ms)
				RefreshPlugins (1ms)
				BeforeProcessingInitializeOnLoad (82ms)
				ProcessInitializeOnLoadAttributes (225ms)
				ProcessInitializeOnLoadMethodAttributes (5ms)
				AfterProcessingInitializeOnLoad (5ms)
				EditorAssembliesLoaded (0ms)
			ExecutionOrderSort2 (0ms)
			AwakeInstancesAfterBackupRestoration (10ms)
Platform modules already initialized, skipping
Refreshing native plugins compatible for Editor in 0.69 ms, found 2 plugins.
Preloading 0 native plugins for Editor in 0.00 ms.
Unloading 3090 Unused Serialized files (Serialized files now loaded: 0)
System memory in use before: 136.8 MB.
System memory in use after: 137.0 MB.

Unloading 15 unused Assets to reduce memory usage. Loaded Objects now: 3656.
Total: 3.146600 ms (FindLiveObjects: 0.283700 ms CreateObjectMapping: 0.142700 ms MarkObjects: 2.701900 ms  DeleteObjects: 0.017500 ms)

AssetImportParameters requested are different than current active one (requested -> active):
  custom:framework-win-MediaFoundation: 216162199b28c13a410421893ffa2e32 -> 
  custom:video-decoder-ogg-theora: a1e56fd34408186e4bbccfd4996cb3dc -> 
  custom:container-muxer-webm: aa71ff27fc2769a1b78a27578f13a17b -> 
  custom:container-demuxer-webm: 4f35f7cbe854078d1ac9338744f61a02 -> 
  custom:container-demuxer-ogg: 62fdf1f143b41e24485cea50d1cbac27 -> 
  custom:video-encoder-webm-vp8: eb34c28f22e8b96e1ab97ce403110664 -> 
  custom:video-codec-MediaFoundation-h265: 746d11721c4dcdbdad8f713fa42b33f4 -> 
  custom:video-decoder-webm-vp8: 9c59270c3fd7afecdb556c50c9e8de78 -> 
  custom:audio-decoder-ogg-vorbis: bf7c407c2cedff20999df2af8eb42d56 -> 
  custom:audio-encoder-webm-vorbis: bf7c407c2cedff20999df2af8eb42d56 -> 
========================================================================
Received Prepare
Registering precompiled user dll's ...
Registered in 0.002327 seconds.
Begin MonoManager ReloadAssembly
Native extension for WindowsStandalone target not found
Native extension for WebGL target not found
Refreshing native plugins compatible for Editor in 0.55 ms, found 2 plugins.
Preloading 0 native plugins for Editor in 0.00 ms.
Mono: successfully reloaded assembly
- Completed reload, in  0.993 seconds
Domain Reload Profiling:
	ReloadAssembly (993ms)
		BeginReloadAssembly (112ms)
			ExecutionOrderSort (0ms)
			DisableScriptedObjects (5ms)
			BackupInstance (0ms)
			ReleaseScriptingObjects (0ms)
			CreateAndSetChildDomain (31ms)
		EndReloadAssembly (824ms)
			LoadAssemblies (81ms)
			RebuildTransferFunctionScriptingTraits (0ms)
			SetupTypeCache (279ms)
			ReleaseScriptCaches (1ms)
			RebuildScriptCaches (44ms)
			SetupLoadedEditorAssemblies (319ms)
				LogAssemblyErrors (0ms)
				InitializePlatformSupportModulesInManaged (5ms)
				SetLoadedEditorAssemblies (0ms)
				RefreshPlugins (1ms)
				BeforeProcessingInitializeOnLoad (78ms)
				ProcessInitializeOnLoadAttributes (225ms)
				ProcessInitializeOnLoadMethodAttributes (5ms)
				AfterProcessingInitializeOnLoad (5ms)
				EditorAssembliesLoaded (0ms)
			ExecutionOrderSort2 (0ms)
			AwakeInstancesAfterBackupRestoration (9ms)
Platform modules already initialized, skipping
Refreshing native plugins compatible for Editor in 0.69 ms, found 2 plugins.
Preloading 0 native plugins for Editor in 0.00 ms.
Unloading 3090 Unused Serialized files (Serialized files now loaded: 0)
System memory in use before: 136.8 MB.
System memory in use after: 137.0 MB.

Unloading 15 unused Assets to reduce memory usage. Loaded Objects now: 3658.
Total: 2.936500 ms (FindLiveObjects: 0.301400 ms CreateObjectMapping: 0.144800 ms MarkObjects: 2.472200 ms  DeleteObjects: 0.017100 ms)

AssetImportParameters requested are different than current active one (requested -> active):
  custom:framework-win-MediaFoundation: 216162199b28c13a410421893ffa2e32 -> 
  custom:video-decoder-ogg-theora: a1e56fd34408186e4bbccfd4996cb3dc -> 
  custom:container-muxer-webm: aa71ff27fc2769a1b78a27578f13a17b -> 
  custom:container-demuxer-webm: 4f35f7cbe854078d1ac9338744f61a02 -> 
  custom:container-demuxer-ogg: 62fdf1f143b41e24485cea50d1cbac27 -> 
  custom:video-encoder-webm-vp8: eb34c28f22e8b96e1ab97ce403110664 -> 
  custom:video-codec-MediaFoundation-h265: 746d11721c4dcdbdad8f713fa42b33f4 -> 
  custom:video-decoder-webm-vp8: 9c59270c3fd7afecdb556c50c9e8de78 -> 
  custom:audio-decoder-ogg-vorbis: bf7c407c2cedff20999df2af8eb42d56 -> 
  custom:audio-encoder-webm-vorbis: bf7c407c2cedff20999df2af8eb42d56 -> 
========================================================================
Received Prepare
Registering precompiled user dll's ...
Registered in 0.002835 seconds.
Begin MonoManager ReloadAssembly
Native extension for WindowsStandalone target not found
Native extension for WebGL target not found
Refreshing native plugins compatible for Editor in 0.64 ms, found 2 plugins.
Preloading 0 native plugins for Editor in 0.00 ms.
Mono: successfully reloaded assembly
- Completed reload, in  1.114 seconds
Domain Reload Profiling:
	ReloadAssembly (1114ms)
		BeginReloadAssembly (129ms)
			ExecutionOrderSort (0ms)
			DisableScriptedObjects (5ms)
			BackupInstance (0ms)
			ReleaseScriptingObjects (0ms)
			CreateAndSetChildDomain (42ms)
		EndReloadAssembly (927ms)
			LoadAssemblies (87ms)
			RebuildTransferFunctionScriptingTraits (0ms)
			SetupTypeCache (317ms)
			ReleaseScriptCaches (1ms)
			RebuildScriptCaches (49ms)
			SetupLoadedEditorAssemblies (355ms)
				LogAssemblyErrors (0ms)
				InitializePlatformSupportModulesInManaged (5ms)
				SetLoadedEditorAssemblies (0ms)
				RefreshPlugins (1ms)
				BeforeProcessingInitializeOnLoad (89ms)
				ProcessInitializeOnLoadAttributes (249ms)
				ProcessInitializeOnLoadMethodAttributes (6ms)
				AfterProcessingInitializeOnLoad (6ms)
				EditorAssembliesLoaded (0ms)
			ExecutionOrderSort2 (0ms)
			AwakeInstancesAfterBackupRestoration (13ms)
Platform modules already initialized, skipping
Refreshing native plugins compatible for Editor in 0.82 ms, found 2 plugins.
Preloading 0 native plugins for Editor in 0.00 ms.
Unloading 3090 Unused Serialized files (Serialized files now loaded: 0)
System memory in use before: 136.8 MB.
System memory in use after: 137.1 MB.

Unloading 15 unused Assets to reduce memory usage. Loaded Objects now: 3660.
Total: 3.501300 ms (FindLiveObjects: 0.380400 ms CreateObjectMapping: 0.223800 ms MarkObjects: 2.872700 ms  DeleteObjects: 0.023100 ms)

AssetImportParameters requested are different than current active one (requested -> active):
  custom:framework-win-MediaFoundation: 216162199b28c13a410421893ffa2e32 -> 
  custom:video-decoder-ogg-theora: a1e56fd34408186e4bbccfd4996cb3dc -> 
  custom:container-muxer-webm: aa71ff27fc2769a1b78a27578f13a17b -> 
  custom:container-demuxer-webm: 4f35f7cbe854078d1ac9338744f61a02 -> 
  custom:container-demuxer-ogg: 62fdf1f143b41e24485cea50d1cbac27 -> 
  custom:video-encoder-webm-vp8: eb34c28f22e8b96e1ab97ce403110664 -> 
  custom:video-codec-MediaFoundation-h265: 746d11721c4dcdbdad8f713fa42b33f4 -> 
  custom:video-decoder-webm-vp8: 9c59270c3fd7afecdb556c50c9e8de78 -> 
  custom:audio-decoder-ogg-vorbis: bf7c407c2cedff20999df2af8eb42d56 -> 
  custom:audio-encoder-webm-vorbis: bf7c407c2cedff20999df2af8eb42d56 -> 
========================================================================
Received Prepare
Registering precompiled user dll's ...
Registered in 0.003028 seconds.
Begin MonoManager ReloadAssembly
Native extension for WindowsStandalone target not found
Native extension for WebGL target not found
Refreshing native plugins compatible for Editor in 0.71 ms, found 2 plugins.
Preloading 0 native plugins for Editor in 0.00 ms.
Mono: successfully reloaded assembly
- Completed reload, in  1.235 seconds
Domain Reload Profiling:
	ReloadAssembly (1235ms)
		BeginReloadAssembly (135ms)
			ExecutionOrderSort (0ms)
			DisableScriptedObjects (5ms)
			BackupInstance (0ms)
			ReleaseScriptingObjects (0ms)
			CreateAndSetChildDomain (37ms)
		EndReloadAssembly (1022ms)
			LoadAssemblies (114ms)
			RebuildTransferFunctionScriptingTraits (0ms)
			SetupTypeCache (353ms)
			ReleaseScriptCaches (1ms)
			RebuildScriptCaches (64ms)
			SetupLoadedEditorAssemblies (379ms)
				LogAssemblyErrors (0ms)
				InitializePlatformSupportModulesInManaged (6ms)
				SetLoadedEditorAssemblies (0ms)
				RefreshPlugins (1ms)
				BeforeProcessingInitializeOnLoad (91ms)
				ProcessInitializeOnLoadAttributes (269ms)
				ProcessInitializeOnLoadMethodAttributes (6ms)
				AfterProcessingInitializeOnLoad (6ms)
				EditorAssembliesLoaded (0ms)
			ExecutionOrderSort2 (0ms)
			AwakeInstancesAfterBackupRestoration (10ms)
Platform modules already initialized, skipping
Refreshing native plugins compatible for Editor in 0.88 ms, found 2 plugins.
Preloading 0 native plugins for Editor in 0.00 ms.
Unloading 3090 Unused Serialized files (Serialized files now loaded: 0)
System memory in use before: 136.8 MB.
System memory in use after: 137.1 MB.

Unloading 15 unused Assets to reduce memory usage. Loaded Objects now: 3662.
Total: 4.088400 ms (FindLiveObjects: 0.332200 ms CreateObjectMapping: 0.215800 ms MarkObjects: 3.513900 ms  DeleteObjects: 0.025500 ms)

AssetImportParameters requested are different than current active one (requested -> active):
  custom:framework-win-MediaFoundation: 216162199b28c13a410421893ffa2e32 -> 
  custom:video-decoder-ogg-theora: a1e56fd34408186e4bbccfd4996cb3dc -> 
  custom:container-muxer-webm: aa71ff27fc2769a1b78a27578f13a17b -> 
  custom:container-demuxer-webm: 4f35f7cbe854078d1ac9338744f61a02 -> 
  custom:container-demuxer-ogg: 62fdf1f143b41e24485cea50d1cbac27 -> 
  custom:video-encoder-webm-vp8: eb34c28f22e8b96e1ab97ce403110664 -> 
  custom:video-codec-MediaFoundation-h265: 746d11721c4dcdbdad8f713fa42b33f4 -> 
  custom:video-decoder-webm-vp8: 9c59270c3fd7afecdb556c50c9e8de78 -> 
  custom:audio-decoder-ogg-vorbis: bf7c407c2cedff20999df2af8eb42d56 -> 
  custom:audio-encoder-webm-vorbis: bf7c407c2cedff20999df2af8eb42d56 -> 
========================================================================
Received Prepare
Registering precompiled user dll's ...
Registered in 0.002353 seconds.
Begin MonoManager ReloadAssembly
Native extension for WindowsStandalone target not found
Native extension for WebGL target not found
Refreshing native plugins compatible for Editor in 0.57 ms, found 2 plugins.
Preloading 0 native plugins for Editor in 0.00 ms.
Mono: successfully reloaded assembly
- Completed reload, in  0.962 seconds
Domain Reload Profiling:
	ReloadAssembly (962ms)
		BeginReloadAssembly (111ms)
			ExecutionOrderSort (0ms)
			DisableScriptedObjects (4ms)
			BackupInstance (0ms)
			ReleaseScriptingObjects (0ms)
			CreateAndSetChildDomain (33ms)
		EndReloadAssembly (796ms)
			LoadAssemblies (75ms)
			RebuildTransferFunctionScriptingTraits (0ms)
			SetupTypeCache (264ms)
			ReleaseScriptCaches (1ms)
			RebuildScriptCaches (43ms)
			SetupLoadedEditorAssemblies (315ms)
				LogAssemblyErrors (0ms)
				InitializePlatformSupportModulesInManaged (5ms)
				SetLoadedEditorAssemblies (0ms)
				RefreshPlugins (1ms)
				BeforeProcessingInitializeOnLoad (76ms)
				ProcessInitializeOnLoadAttributes (223ms)
				ProcessInitializeOnLoadMethodAttributes (5ms)
				AfterProcessingInitializeOnLoad (5ms)
				EditorAssembliesLoaded (0ms)
			ExecutionOrderSort2 (0ms)
			AwakeInstancesAfterBackupRestoration (9ms)
Platform modules already initialized, skipping
Refreshing native plugins compatible for Editor in 0.74 ms, found 2 plugins.
Preloading 0 native plugins for Editor in 0.00 ms.
Unloading 3090 Unused Serialized files (Serialized files now loaded: 0)
System memory in use before: 136.8 MB.
System memory in use after: 137.1 MB.

Unloading 15 unused Assets to reduce memory usage. Loaded Objects now: 3664.
Total: 2.801300 ms (FindLiveObjects: 0.244100 ms CreateObjectMapping: 0.132600 ms MarkObjects: 2.408400 ms  DeleteObjects: 0.015200 ms)

AssetImportParameters requested are different than current active one (requested -> active):
  custom:framework-win-MediaFoundation: 216162199b28c13a410421893ffa2e32 -> 
  custom:video-decoder-ogg-theora: a1e56fd34408186e4bbccfd4996cb3dc -> 
  custom:container-muxer-webm: aa71ff27fc2769a1b78a27578f13a17b -> 
  custom:container-demuxer-webm: 4f35f7cbe854078d1ac9338744f61a02 -> 
  custom:container-demuxer-ogg: 62fdf1f143b41e24485cea50d1cbac27 -> 
  custom:video-encoder-webm-vp8: eb34c28f22e8b96e1ab97ce403110664 -> 
  custom:video-codec-MediaFoundation-h265: 746d11721c4dcdbdad8f713fa42b33f4 -> 
  custom:video-decoder-webm-vp8: 9c59270c3fd7afecdb556c50c9e8de78 -> 
  custom:audio-decoder-ogg-vorbis: bf7c407c2cedff20999df2af8eb42d56 -> 
  custom:audio-encoder-webm-vorbis: bf7c407c2cedff20999df2af8eb42d56 -> 
========================================================================
Received Import Request.
  Time since last request: 1448.739454 seconds.
  path: Assets/GD/Examples/10_MultiparameterEvents/Scenes/Start/Multiparameter Event Demo.unity
  artifactKey: Guid(0bc3f735cc5e1a944a08e34a4b211352) Importer(815301076,1909f56bfc062723c751e8b465ee728b)
Start importing Assets/GD/Examples/10_MultiparameterEvents/Scenes/Start/Multiparameter Event Demo.unity using Guid(0bc3f735cc5e1a944a08e34a4b211352) Importer(815301076,1909f56bfc062723c751e8b465ee728b)  -> (artifact id: '4bf8c1bfcdc3b3128446e378d551948e') in 0.103517 seconds 
  Import took 0.109363 seconds .

========================================================================
Received Prepare
Registering precompiled user dll's ...
Registered in 0.002376 seconds.
Begin MonoManager ReloadAssembly
Native extension for WindowsStandalone target not found
Native extension for WebGL target not found
Refreshing native plugins compatible for Editor in 0.59 ms, found 2 plugins.
Preloading 0 native plugins for Editor in 0.00 ms.
Mono: successfully reloaded assembly
- Completed reload, in  1.013 seconds
Domain Reload Profiling:
	ReloadAssembly (1013ms)
		BeginReloadAssembly (103ms)
			ExecutionOrderSort (0ms)
			DisableScriptedObjects (5ms)
			BackupInstance (0ms)
			ReleaseScriptingObjects (0ms)
			CreateAndSetChildDomain (34ms)
		EndReloadAssembly (854ms)
			LoadAssemblies (84ms)
			RebuildTransferFunctionScriptingTraits (0ms)
			SetupTypeCache (284ms)
			ReleaseScriptCaches (1ms)
			RebuildScriptCaches (46ms)
			SetupLoadedEditorAssemblies (336ms)
				LogAssemblyErrors (0ms)
				InitializePlatformSupportModulesInManaged (5ms)
				SetLoadedEditorAssemblies (0ms)
				RefreshPlugins (1ms)
				BeforeProcessingInitializeOnLoad (83ms)
				ProcessInitializeOnLoadAttributes (235ms)
				ProcessInitializeOnLoadMethodAttributes (5ms)
				AfterProcessingInitializeOnLoad (6ms)
				EditorAssembliesLoaded (0ms)
			ExecutionOrderSort2 (0ms)
			AwakeInstancesAfterBackupRestoration (10ms)
Platform modules already initialized, skipping
Refreshing native plugins compatible for Editor in 0.78 ms, found 2 plugins.
Preloading 0 native plugins for Editor in 0.00 ms.
Unloading 3090 Unused Serialized files (Serialized files now loaded: 0)
System memory in use before: 136.8 MB.
System memory in use after: 137.1 MB.

Unloading 15 unused Assets to reduce memory usage. Loaded Objects now: 3666.
Total: 2.992800 ms (FindLiveObjects: 0.273200 ms CreateObjectMapping: 0.179500 ms MarkObjects: 2.524100 ms  DeleteObjects: 0.015200 ms)

AssetImportParameters requested are different than current active one (requested -> active):
  custom:framework-win-MediaFoundation: 216162199b28c13a410421893ffa2e32 -> 
  custom:video-decoder-ogg-theora: a1e56fd34408186e4bbccfd4996cb3dc -> 
  custom:container-muxer-webm: aa71ff27fc2769a1b78a27578f13a17b -> 
  custom:container-demuxer-webm: 4f35f7cbe854078d1ac9338744f61a02 -> 
  custom:container-demuxer-ogg: 62fdf1f143b41e24485cea50d1cbac27 -> 
  custom:video-encoder-webm-vp8: eb34c28f22e8b96e1ab97ce403110664 -> 
  custom:video-codec-MediaFoundation-h265: 746d11721c4dcdbdad8f713fa42b33f4 -> 
  custom:video-decoder-webm-vp8: 9c59270c3fd7afecdb556c50c9e8de78 -> 
  custom:audio-decoder-ogg-vorbis: bf7c407c2cedff20999df2af8eb42d56 -> 
  custom:audio-encoder-webm-vorbis: bf7c407c2cedff20999df2af8eb42d56 -> 
========================================================================
Received Prepare
Registering precompiled user dll's ...
Registered in 0.002492 seconds.
Begin MonoManager ReloadAssembly
Native extension for WindowsStandalone target not found
Native extension for WebGL target not found
Refreshing native plugins compatible for Editor in 0.56 ms, found 2 plugins.
Preloading 0 native plugins for Editor in 0.00 ms.
Mono: successfully reloaded assembly
- Completed reload, in  0.979 seconds
Domain Reload Profiling:
	ReloadAssembly (980ms)
		BeginReloadAssembly (101ms)
			ExecutionOrderSort (0ms)
			DisableScriptedObjects (4ms)
			BackupInstance (0ms)
			ReleaseScriptingObjects (0ms)
			CreateAndSetChildDomain (32ms)
		EndReloadAssembly (822ms)
			LoadAssemblies (86ms)
			RebuildTransferFunctionScriptingTraits (0ms)
			SetupTypeCache (277ms)
			ReleaseScriptCaches (1ms)
			RebuildScriptCaches (44ms)
			SetupLoadedEditorAssemblies (318ms)
				LogAssemblyErrors (0ms)
				InitializePlatformSupportModulesInManaged (5ms)
				SetLoadedEditorAssemblies (0ms)
				RefreshPlugins (1ms)
				BeforeProcessingInitializeOnLoad (76ms)
				ProcessInitializeOnLoadAttributes (225ms)
				ProcessInitializeOnLoadMethodAttributes (5ms)
				AfterProcessingInitializeOnLoad (5ms)
				EditorAssembliesLoaded (0ms)
			ExecutionOrderSort2 (0ms)
			AwakeInstancesAfterBackupRestoration (9ms)
Platform modules already initialized, skipping
Refreshing native plugins compatible for Editor in 0.70 ms, found 2 plugins.
Preloading 0 native plugins for Editor in 0.00 ms.
Unloading 3090 Unused Serialized files (Serialized files now loaded: 0)
System memory in use before: 136.9 MB.
System memory in use after: 137.1 MB.

Unloading 15 unused Assets to reduce memory usage. Loaded Objects now: 3668.
Total: 2.982800 ms (FindLiveObjects: 0.338100 ms CreateObjectMapping: 0.172800 ms MarkObjects: 2.453700 ms  DeleteObjects: 0.017300 ms)

AssetImportParameters requested are different than current active one (requested -> active):
  custom:framework-win-MediaFoundation: 216162199b28c13a410421893ffa2e32 -> 
  custom:video-decoder-ogg-theora: a1e56fd34408186e4bbccfd4996cb3dc -> 
  custom:container-muxer-webm: aa71ff27fc2769a1b78a27578f13a17b -> 
  custom:container-demuxer-webm: 4f35f7cbe854078d1ac9338744f61a02 -> 
  custom:container-demuxer-ogg: 62fdf1f143b41e24485cea50d1cbac27 -> 
  custom:video-encoder-webm-vp8: eb34c28f22e8b96e1ab97ce403110664 -> 
  custom:video-codec-MediaFoundation-h265: 746d11721c4dcdbdad8f713fa42b33f4 -> 
  custom:video-decoder-webm-vp8: 9c59270c3fd7afecdb556c50c9e8de78 -> 
  custom:audio-decoder-ogg-vorbis: bf7c407c2cedff20999df2af8eb42d56 -> 
  custom:audio-encoder-webm-vorbis: bf7c407c2cedff20999df2af8eb42d56 -> 
========================================================================
Received Import Request.
  Time since last request: 1045.392280 seconds.
  path: Assets/GD/Examples/11_Intro_To_ShaderGraph
  artifactKey: Guid(fa4b555a7b6c2d04aa63ef5acc546267) Importer(815301076,1909f56bfc062723c751e8b465ee728b)
Start importing Assets/GD/Examples/11_Intro_To_ShaderGraph using Guid(fa4b555a7b6c2d04aa63ef5acc546267) Importer(815301076,1909f56bfc062723c751e8b465ee728b)  -> (artifact id: '7822fc73c2bad5d66cf425de80ee5a77') in 0.011198 seconds 
  Import took 0.016866 seconds .

========================================================================
Received Import Request.
  Time since last request: 8.996159 seconds.
  path: Assets/GD/Examples/11_Intro_To_ShaderGraph/Materials
  artifactKey: Guid(5357d9861c935c44d988fa6d4c8acbea) Importer(815301076,1909f56bfc062723c751e8b465ee728b)
Start importing Assets/GD/Examples/11_Intro_To_ShaderGraph/Materials using Guid(5357d9861c935c44d988fa6d4c8acbea) Importer(815301076,1909f56bfc062723c751e8b465ee728b)  -> (artifact id: 'c739bdac07a1c2cc7c288c7af201b61c') in 0.006359 seconds 
  Import took 0.011702 seconds .

========================================================================
Received Import Request.
  Time since last request: 6.934060 seconds.
  path: Assets/GD/Examples/11_Intro_To_ShaderGraph/Scenes
  artifactKey: Guid(a5dc6afbf63ade34cb795310e7eaa97c) Importer(815301076,1909f56bfc062723c751e8b465ee728b)
Start importing Assets/GD/Examples/11_Intro_To_ShaderGraph/Scenes using Guid(a5dc6afbf63ade34cb795310e7eaa97c) Importer(815301076,1909f56bfc062723c751e8b465ee728b)  -> (artifact id: 'b4f244736e8c575516c874b59911b2f6') in 0.005453 seconds 
  Import took 0.009845 seconds .

========================================================================
Received Import Request.
  Time since last request: 4.784845 seconds.
  path: Assets/GD/Examples/11_Intro_To_ShaderGraph/Shaders
  artifactKey: Guid(b116b26d6a1c2e1449509925b3b3ba85) Importer(815301076,1909f56bfc062723c751e8b465ee728b)
Start importing Assets/GD/Examples/11_Intro_To_ShaderGraph/Shaders using Guid(b116b26d6a1c2e1449509925b3b3ba85) Importer(815301076,1909f56bfc062723c751e8b465ee728b)  -> (artifact id: 'f8d8338bc36f1f3af1d1eddc011d8348') in 0.005379 seconds 
  Import took 0.009956 seconds .

========================================================================
Received Import Request.
  Time since last request: 43.048293 seconds.
  path: Assets/GD/Examples/11_Intro_To_ShaderGraph/Scenes/1_Getting_Started.unity
  artifactKey: Guid(03fcdd35e19cbe949b2b881960c8d158) Importer(815301076,1909f56bfc062723c751e8b465ee728b)
Start importing Assets/GD/Examples/11_Intro_To_ShaderGraph/Scenes/1_Getting_Started.unity using Guid(03fcdd35e19cbe949b2b881960c8d158) Importer(815301076,1909f56bfc062723c751e8b465ee728b)  -> (artifact id: '0e36cf9d5179a94414e1fd6c913f7621') in 0.030465 seconds 
  Import took 0.035688 seconds .

========================================================================
Received Import Request.
  Time since last request: 26.684099 seconds.
  path: Assets/ThirdParty/Calibration/Model/CalibrationScaleRGB.fbx
  artifactKey: Guid(414b7da4757ec644f99c083c95b9434d) Importer(815301076,1909f56bfc062723c751e8b465ee728b)
Start importing Assets/ThirdParty/Calibration/Model/CalibrationScaleRGB.fbx using Guid(414b7da4757ec644f99c083c95b9434d) Importer(815301076,1909f56bfc062723c751e8b465ee728b)  -> (artifact id: 'c81b6d80afb3ae0aae05473f096a3fbd') in 0.219596 seconds 
  Import took 0.224141 seconds .

========================================================================
Received Import Request.
  Time since last request: 16.869866 seconds.
  path: Assets/ThirdParty/Calibration/Prefabs/SceneElements.prefab
  artifactKey: Guid(a3244c08ab4d16f45b564401c17e84d4) Importer(815301076,1909f56bfc062723c751e8b465ee728b)
Start importing Assets/ThirdParty/Calibration/Prefabs/SceneElements.prefab using Guid(a3244c08ab4d16f45b564401c17e84d4) Importer(815301076,1909f56bfc062723c751e8b465ee728b)  -> (artifact id: 'e5de43f904093383c35c2373f975a17e') in 0.066282 seconds 
  Import took 0.070956 seconds .

========================================================================
Received Import Request.
  Time since last request: 128.016181 seconds.
  path: Assets/GD/Examples/11_Intro_To_ShaderGraph/Shaders/NewSurfaceShader.shader
  artifactKey: Guid(26f072c8601b1ec4aba1b7a17f95bac6) Importer(815301076,1909f56bfc062723c751e8b465ee728b)
Start importing Assets/GD/Examples/11_Intro_To_ShaderGraph/Shaders/NewSurfaceShader.shader using Guid(26f072c8601b1ec4aba1b7a17f95bac6) Importer(815301076,1909f56bfc062723c751e8b465ee728b)  -> (artifact id: '44caf7230835a703da48789bf659b626') in 0.020101 seconds 
  Import took 0.027023 seconds .

========================================================================
Received Import Request.
  Time since last request: 0.012439 seconds.
  path: Assets/GD/Examples/11_Intro_To_ShaderGraph/Shaders/NewSurfaceShader.shader
  artifactKey: Guid(26f072c8601b1ec4aba1b7a17f95bac6) Importer(815301076,1909f56bfc062723c751e8b465ee728b)
Start importing Assets/GD/Examples/11_Intro_To_ShaderGraph/Shaders/NewSurfaceShader.shader using Guid(26f072c8601b1ec4aba1b7a17f95bac6) Importer(815301076,1909f56bfc062723c751e8b465ee728b)  -> (artifact id: '44caf7230835a703da48789bf659b626') in 0.003361 seconds 
  Import took 0.007908 seconds .

========================================================================
Received Import Request.
  Time since last request: 85.908892 seconds.
  path: Assets/GD/Examples/11_Intro_To_ShaderGraph/Shaders/New Shader Graph.shadergraph
  artifactKey: Guid(785795e4aa619264a81caa684938577d) Importer(815301076,1909f56bfc062723c751e8b465ee728b)
Start importing Assets/GD/Examples/11_Intro_To_ShaderGraph/Shaders/New Shader Graph.shadergraph using Guid(785795e4aa619264a81caa684938577d) Importer(815301076,1909f56bfc062723c751e8b465ee728b)  -> (artifact id: '5526994cecbc32aebbd7ba296acedead') in 0.008970 seconds 
  Import took 0.013583 seconds .

========================================================================
Received Import Request.
  Time since last request: 0.356556 seconds.
  path: Assets/GD/Examples/11_Intro_To_ShaderGraph/Shaders/New Shader Graph.shadergraph
  artifactKey: Guid(785795e4aa619264a81caa684938577d) Importer(815301076,1909f56bfc062723c751e8b465ee728b)
Start importing Assets/GD/Examples/11_Intro_To_ShaderGraph/Shaders/New Shader Graph.shadergraph using Guid(785795e4aa619264a81caa684938577d) Importer(815301076,1909f56bfc062723c751e8b465ee728b)  -> (artifact id: '5526994cecbc32aebbd7ba296acedead') in 0.003236 seconds 
  Import took 0.008756 seconds .

========================================================================
Received Import Request.
  Time since last request: 10.981601 seconds.
  path: Assets/GD/Examples/11_Intro_To_ShaderGraph/Shaders/Using Vertex Shader.shadergraph
  artifactKey: Guid(785795e4aa619264a81caa684938577d) Importer(815301076,1909f56bfc062723c751e8b465ee728b)
Start importing Assets/GD/Examples/11_Intro_To_ShaderGraph/Shaders/Using Vertex Shader.shadergraph using Guid(785795e4aa619264a81caa684938577d) Importer(815301076,1909f56bfc062723c751e8b465ee728b)  -> (artifact id: '2363c9e99959dec5d6b3fbf1e4324efa') in 0.006221 seconds 
  Import took 0.011112 seconds .

========================================================================
Received Import Request.
  Time since last request: 587.498042 seconds.
  path: Assets/GD/Examples/11_Intro_To_ShaderGraph/Shaders/Using Vertex Shader.shadergraph
  artifactKey: Guid(785795e4aa619264a81caa684938577d) Importer(815301076,1909f56bfc062723c751e8b465ee728b)
Start importing Assets/GD/Examples/11_Intro_To_ShaderGraph/Shaders/Using Vertex Shader.shadergraph using Guid(785795e4aa619264a81caa684938577d) Importer(815301076,1909f56bfc062723c751e8b465ee728b)  -> (artifact id: '0699d302b4f9257954699027550d1716') in 0.002843 seconds 
  Import took 0.008375 seconds .

AssetImportWorkerClient::OnTransportError - code=2 error=End of file
